x:\projects-x\tieba-zhuaqu\user-application\kcrawlercontroal\kcrawlercontroal\debug\kcrawlercontroal.pch
x:\projects-x\tieba-zhuaqu\user-application\kcrawlercontroal\kcrawlercontroal\debug\vc140.pdb
x:\projects-x\tieba-zhuaqu\user-application\kcrawlercontroal\kcrawlercontroal\debug\vc140.idb
x:\projects-x\tieba-zhuaqu\user-application\kcrawlercontroal\kcrawlercontroal\debug\stdafx.obj
x:\projects-x\tieba-zhuaqu\user-application\kcrawlercontroal\kcrawlercontroal\debug\createjobdlg.obj
x:\projects-x\tieba-zhuaqu\user-application\kcrawlercontroal\kcrawlercontroal\debug\kcrawlercontroal.obj
x:\projects-x\tieba-zhuaqu\user-application\kcrawlercontroal\kcrawlercontroal\debug\kcrawlercontroaldlg.obj
x:\projects-x\tieba-zhuaqu\user-application\kcrawlercontroal\debug\kcrawlercontroal.ilk
x:\projects-x\tieba-zhuaqu\user-application\kcrawlercontroal\debug\kcrawlercontroal.exe
x:\projects-x\tieba-zhuaqu\user-application\kcrawlercontroal\debug\kcrawlercontroal.pdb
x:\projects-x\tieba-zhuaqu\user-application\kcrawlercontroal\kcrawlercontroal\debug\kcrawlercontroal.res
x:\projects-x\tieba-zhuaqu\user-application\kcrawlercontroal\kcrawlercontroal\debug\kcrawlercontroal.tlog\cl.command.1.tlog
x:\projects-x\tieba-zhuaqu\user-application\kcrawlercontroal\kcrawlercontroal\debug\kcrawlercontroal.tlog\cl.read.1.tlog
x:\projects-x\tieba-zhuaqu\user-application\kcrawlercontroal\kcrawlercontroal\debug\kcrawlercontroal.tlog\cl.write.1.tlog
x:\projects-x\tieba-zhuaqu\user-application\kcrawlercontroal\kcrawlercontroal\debug\kcrawlercontroal.tlog\link.command.1.tlog
x:\projects-x\tieba-zhuaqu\user-application\kcrawlercontroal\kcrawlercontroal\debug\kcrawlercontroal.tlog\link.read.1.tlog
x:\projects-x\tieba-zhuaqu\user-application\kcrawlercontroal\kcrawlercontroal\debug\kcrawlercontroal.tlog\link.write.1.tlog
x:\projects-x\tieba-zhuaqu\user-application\kcrawlercontroal\kcrawlercontroal\debug\kcrawlercontroal.tlog\rc.command.1.tlog
x:\projects-x\tieba-zhuaqu\user-application\kcrawlercontroal\kcrawlercontroal\debug\kcrawlercontroal.tlog\rc.read.1.tlog
x:\projects-x\tieba-zhuaqu\user-application\kcrawlercontroal\kcrawlercontroal\debug\kcrawlercontroal.tlog\rc.write.1.tlog
